Nov 22 10:45:13  [info] $Fatal Error Details = Array
(
    [callback] => Array
        (
            [0] => CRM_Core_Error
            [1] => handle
        )

    [code] => -18
    [message] => DB Error: no such table
    [mode] => 16
    [debug_info] => 
      SELECT entity_id
      FROM civicrm_recurring_entity
      WHERE parent_id = (SELECT parent_id FROM civicrm_recurring_entity WHERE entity_id = 18 AND entity_table = 'civicrm_event') AND entity_table = 'civicrm_event' [nativecode=1146 ** Table 'cooper.civicrm_recurring_entity' doesn't exist]
    [type] => DB_Error
    [user_info] => 
      SELECT entity_id
      FROM civicrm_recurring_entity
      WHERE parent_id = (SELECT parent_id FROM civicrm_recurring_entity WHERE entity_id = 18 AND entity_table = 'civicrm_event') AND entity_table = 'civicrm_event' [nativecode=1146 ** Table 'cooper.civicrm_recurring_entity' doesn't exist]
    [to_string] => [db_error: message="DB Error: no such table" code=-18 mode=callback callback=CRM_Core_Error::handle prefix="" info="
      SELECT entity_id
      FROM civicrm_recurring_entity
      WHERE parent_id = (SELECT parent_id FROM civicrm_recurring_entity WHERE entity_id = 18 AND entity_table = 'civicrm_event') AND entity_table = 'civicrm_event' [nativecode=1146 ** Table 'cooper.civicrm_recurring_entity' doesn't exist]"]
)


Nov 22 10:45:13  [info] $backTrace = #0 /Applications/MAMP/htdocs/wp-content/plugins/civicrm/civicrm/CRM/Core/Error.php(235): CRM_Core_Error::backtrace("backTrace", TRUE)
#1 [internal function](): CRM_Core_Error::handle(Object(DB_Error))
#2 /Applications/MAMP/htdocs/wp-content/plugins/civicrm/civicrm/packages/PEAR.php(931): call_user_func((Array:2), Object(DB_Error))
#3 /Applications/MAMP/htdocs/wp-content/plugins/civicrm/civicrm/packages/DB.php(976): PEAR_Error->PEAR_Error("DB Error: no such table", -18, 16, (Array:2), "\n      SELECT entity_id\n      FROM civicrm_recurring_entity\n      WHERE pa...")
#4 /Applications/MAMP/htdocs/wp-content/plugins/civicrm/civicrm/packages/PEAR.php(564): DB_Error->DB_Error(-18, 16, (Array:2), "\n      SELECT entity_id\n      FROM civicrm_recurring_entity\n      WHERE pa...")
#5 /Applications/MAMP/htdocs/wp-content/plugins/civicrm/civicrm/packages/DB/common.php(1905): PEAR->raiseError(NULL, -18, NULL, NULL, "\n      SELECT entity_id\n      FROM civicrm_recurring_entity\n      WHERE pa...", "DB_Error", TRUE)
#6 /Applications/MAMP/htdocs/wp-content/plugins/civicrm/civicrm/packages/DB/mysql.php(895): DB_common->raiseError(-18, NULL, NULL, NULL, "1146 ** Table 'cooper.civicrm_recurring_entity' doesn't exist")
#7 /Applications/MAMP/htdocs/wp-content/plugins/civicrm/civicrm/packages/DB/mysql.php(328): DB_mysql->mysqlRaiseError()
#8 /Applications/MAMP/htdocs/wp-content/plugins/civicrm/civicrm/packages/DB/common.php(1216): DB_mysql->simpleQuery("\n      SELECT entity_id\n      FROM civicrm_recurring_entity\n      WHERE pa...")
#9 /Applications/MAMP/htdocs/wp-content/plugins/civicrm/civicrm/packages/DB/DataObject.php(2442): DB_common->query("\n      SELECT entity_id\n      FROM civicrm_recurring_entity\n      WHERE pa...")
#10 /Applications/MAMP/htdocs/wp-content/plugins/civicrm/civicrm/packages/DB/DataObject.php(1634): DB_DataObject->_query("\n      SELECT entity_id\n      FROM civicrm_recurring_entity\n      WHERE pa...")
#11 /Applications/MAMP/htdocs/wp-content/plugins/civicrm/civicrm/CRM/Core/DAO.php(325): DB_DataObject->query("\n      SELECT entity_id\n      FROM civicrm_recurring_entity\n      WHERE pa...")
#12 /Applications/MAMP/htdocs/wp-content/plugins/civicrm/civicrm/CRM/Core/DAO.php(1192): CRM_Core_DAO->query("\n      SELECT entity_id\n      FROM civicrm_recurring_entity\n      WHERE pa...", TRUE)
#13 /Applications/MAMP/htdocs/wp-content/plugins/civicrm/civicrm/CRM/Core/BAO/RecurringEntity.php(555): CRM_Core_DAO::executeQuery("\n      SELECT entity_id\n      FROM civicrm_recurring_entity\n      WHERE pa...", (Array:2))
#14 /Applications/MAMP/htdocs/wp-content/plugins/civicrm/civicrm/CRM/Event/Page/ManageEvent.php(322): CRM_Core_BAO_RecurringEntity::getPositionAndCount("18", "civicrm_event")
#15 /Applications/MAMP/htdocs/wp-content/plugins/civicrm/civicrm/CRM/Event/Page/ManageEvent.php(239): CRM_Event_Page_ManageEvent->browse()
#16 /Applications/MAMP/htdocs/wp-content/plugins/civicrm/civicrm/CRM/Core/Invoke.php(312): CRM_Event_Page_ManageEvent->run((Array:3), NULL)
#17 /Applications/MAMP/htdocs/wp-content/plugins/civicrm/civicrm/CRM/Core/Invoke.php(86): CRM_Core_Invoke::runItem((Array:14))
#18 /Applications/MAMP/htdocs/wp-content/plugins/civicrm/civicrm/CRM/Core/Invoke.php(54): CRM_Core_Invoke::_invoke((Array:3))
#19 /Applications/MAMP/htdocs/wp-content/plugins/civicrm/civicrm.php(1189): CRM_Core_Invoke::invoke((Array:3))
#20 [internal function](): CiviCRM_For_WordPress->invoke("")
#21 /Applications/MAMP/htdocs/wp-includes/plugin.php(503): call_user_func_array((Array:2), (Array:1))
#22 /Applications/MAMP/htdocs/wp-admin/admin.php(236): do_action("toplevel_page_CiviCRM")
#23 {main}


Nov 22 10:45:23  [info] $Fatal Error Details = Array
(
    [callback] => Array
        (
            [0] => CRM_Core_Error
            [1] => handle
        )

    [code] => -18
    [message] => DB Error: no such table
    [mode] => 16
    [debug_info] => 
      SELECT entity_id
      FROM civicrm_recurring_entity
      WHERE parent_id = (SELECT parent_id FROM civicrm_recurring_entity WHERE entity_id = 18 AND entity_table = 'civicrm_event') AND entity_table = 'civicrm_event' [nativecode=1146 ** Table 'cooper.civicrm_recurring_entity' doesn't exist]
    [type] => DB_Error
    [user_info] => 
      SELECT entity_id
      FROM civicrm_recurring_entity
      WHERE parent_id = (SELECT parent_id FROM civicrm_recurring_entity WHERE entity_id = 18 AND entity_table = 'civicrm_event') AND entity_table = 'civicrm_event' [nativecode=1146 ** Table 'cooper.civicrm_recurring_entity' doesn't exist]
    [to_string] => [db_error: message="DB Error: no such table" code=-18 mode=callback callback=CRM_Core_Error::handle prefix="" info="
      SELECT entity_id
      FROM civicrm_recurring_entity
      WHERE parent_id = (SELECT parent_id FROM civicrm_recurring_entity WHERE entity_id = 18 AND entity_table = 'civicrm_event') AND entity_table = 'civicrm_event' [nativecode=1146 ** Table 'cooper.civicrm_recurring_entity' doesn't exist]"]
)


Nov 22 10:45:23  [info] $backTrace = #0 /Applications/MAMP/htdocs/wp-content/plugins/civicrm/civicrm/CRM/Core/Error.php(235): CRM_Core_Error::backtrace("backTrace", TRUE)
#1 [internal function](): CRM_Core_Error::handle(Object(DB_Error))
#2 /Applications/MAMP/htdocs/wp-content/plugins/civicrm/civicrm/packages/PEAR.php(931): call_user_func((Array:2), Object(DB_Error))
#3 /Applications/MAMP/htdocs/wp-content/plugins/civicrm/civicrm/packages/DB.php(976): PEAR_Error->PEAR_Error("DB Error: no such table", -18, 16, (Array:2), "\n      SELECT entity_id\n      FROM civicrm_recurring_entity\n      WHERE pa...")
#4 /Applications/MAMP/htdocs/wp-content/plugins/civicrm/civicrm/packages/PEAR.php(564): DB_Error->DB_Error(-18, 16, (Array:2), "\n      SELECT entity_id\n      FROM civicrm_recurring_entity\n      WHERE pa...")
#5 /Applications/MAMP/htdocs/wp-content/plugins/civicrm/civicrm/packages/DB/common.php(1905): PEAR->raiseError(NULL, -18, NULL, NULL, "\n      SELECT entity_id\n      FROM civicrm_recurring_entity\n      WHERE pa...", "DB_Error", TRUE)
#6 /Applications/MAMP/htdocs/wp-content/plugins/civicrm/civicrm/packages/DB/mysql.php(895): DB_common->raiseError(-18, NULL, NULL, NULL, "1146 ** Table 'cooper.civicrm_recurring_entity' doesn't exist")
#7 /Applications/MAMP/htdocs/wp-content/plugins/civicrm/civicrm/packages/DB/mysql.php(328): DB_mysql->mysqlRaiseError()
#8 /Applications/MAMP/htdocs/wp-content/plugins/civicrm/civicrm/packages/DB/common.php(1216): DB_mysql->simpleQuery("\n      SELECT entity_id\n      FROM civicrm_recurring_entity\n      WHERE pa...")
#9 /Applications/MAMP/htdocs/wp-content/plugins/civicrm/civicrm/packages/DB/DataObject.php(2442): DB_common->query("\n      SELECT entity_id\n      FROM civicrm_recurring_entity\n      WHERE pa...")
#10 /Applications/MAMP/htdocs/wp-content/plugins/civicrm/civicrm/packages/DB/DataObject.php(1634): DB_DataObject->_query("\n      SELECT entity_id\n      FROM civicrm_recurring_entity\n      WHERE pa...")
#11 /Applications/MAMP/htdocs/wp-content/plugins/civicrm/civicrm/CRM/Core/DAO.php(325): DB_DataObject->query("\n      SELECT entity_id\n      FROM civicrm_recurring_entity\n      WHERE pa...")
#12 /Applications/MAMP/htdocs/wp-content/plugins/civicrm/civicrm/CRM/Core/DAO.php(1192): CRM_Core_DAO->query("\n      SELECT entity_id\n      FROM civicrm_recurring_entity\n      WHERE pa...", TRUE)
#13 /Applications/MAMP/htdocs/wp-content/plugins/civicrm/civicrm/CRM/Core/BAO/RecurringEntity.php(555): CRM_Core_DAO::executeQuery("\n      SELECT entity_id\n      FROM civicrm_recurring_entity\n      WHERE pa...", (Array:2))
#14 /Applications/MAMP/htdocs/wp-content/plugins/civicrm/civicrm/CRM/Event/Page/ManageEvent.php(322): CRM_Core_BAO_RecurringEntity::getPositionAndCount("18", "civicrm_event")
#15 /Applications/MAMP/htdocs/wp-content/plugins/civicrm/civicrm/CRM/Event/Page/ManageEvent.php(239): CRM_Event_Page_ManageEvent->browse()
#16 /Applications/MAMP/htdocs/wp-content/plugins/civicrm/civicrm/CRM/Core/Invoke.php(312): CRM_Event_Page_ManageEvent->run((Array:3), NULL)
#17 /Applications/MAMP/htdocs/wp-content/plugins/civicrm/civicrm/CRM/Core/Invoke.php(86): CRM_Core_Invoke::runItem((Array:14))
#18 /Applications/MAMP/htdocs/wp-content/plugins/civicrm/civicrm/CRM/Core/Invoke.php(54): CRM_Core_Invoke::_invoke((Array:3))
#19 /Applications/MAMP/htdocs/wp-content/plugins/civicrm/civicrm.php(1189): CRM_Core_Invoke::invoke((Array:3))
#20 [internal function](): CiviCRM_For_WordPress->invoke("")
#21 /Applications/MAMP/htdocs/wp-includes/plugin.php(503): call_user_func_array((Array:2), (Array:1))
#22 /Applications/MAMP/htdocs/wp-admin/admin.php(236): do_action("toplevel_page_CiviCRM")
#23 {main}


Nov 22 10:45:48  [info] $Fatal Error Details = Array
(
    [callback] => Array
        (
            [0] => CRM_Core_Error
            [1] => handle
        )

    [code] => -18
    [message] => DB Error: no such table
    [mode] => 16
    [debug_info] => 
      SELECT entity_id
      FROM civicrm_recurring_entity
      WHERE parent_id = (SELECT parent_id FROM civicrm_recurring_entity WHERE entity_id = 18 AND entity_table = 'civicrm_event') AND entity_table = 'civicrm_event' [nativecode=1146 ** Table 'cooper.civicrm_recurring_entity' doesn't exist]
    [type] => DB_Error
    [user_info] => 
      SELECT entity_id
      FROM civicrm_recurring_entity
      WHERE parent_id = (SELECT parent_id FROM civicrm_recurring_entity WHERE entity_id = 18 AND entity_table = 'civicrm_event') AND entity_table = 'civicrm_event' [nativecode=1146 ** Table 'cooper.civicrm_recurring_entity' doesn't exist]
    [to_string] => [db_error: message="DB Error: no such table" code=-18 mode=callback callback=CRM_Core_Error::handle prefix="" info="
      SELECT entity_id
      FROM civicrm_recurring_entity
      WHERE parent_id = (SELECT parent_id FROM civicrm_recurring_entity WHERE entity_id = 18 AND entity_table = 'civicrm_event') AND entity_table = 'civicrm_event' [nativecode=1146 ** Table 'cooper.civicrm_recurring_entity' doesn't exist]"]
)


Nov 22 10:45:48  [info] $backTrace = #0 /Applications/MAMP/htdocs/wp-content/plugins/civicrm/civicrm/CRM/Core/Error.php(235): CRM_Core_Error::backtrace("backTrace", TRUE)
#1 [internal function](): CRM_Core_Error::handle(Object(DB_Error))
#2 /Applications/MAMP/htdocs/wp-content/plugins/civicrm/civicrm/packages/PEAR.php(931): call_user_func((Array:2), Object(DB_Error))
#3 /Applications/MAMP/htdocs/wp-content/plugins/civicrm/civicrm/packages/DB.php(976): PEAR_Error->PEAR_Error("DB Error: no such table", -18, 16, (Array:2), "\n      SELECT entity_id\n      FROM civicrm_recurring_entity\n      WHERE pa...")
#4 /Applications/MAMP/htdocs/wp-content/plugins/civicrm/civicrm/packages/PEAR.php(564): DB_Error->DB_Error(-18, 16, (Array:2), "\n      SELECT entity_id\n      FROM civicrm_recurring_entity\n      WHERE pa...")
#5 /Applications/MAMP/htdocs/wp-content/plugins/civicrm/civicrm/packages/DB/common.php(1905): PEAR->raiseError(NULL, -18, NULL, NULL, "\n      SELECT entity_id\n      FROM civicrm_recurring_entity\n      WHERE pa...", "DB_Error", TRUE)
#6 /Applications/MAMP/htdocs/wp-content/plugins/civicrm/civicrm/packages/DB/mysql.php(895): DB_common->raiseError(-18, NULL, NULL, NULL, "1146 ** Table 'cooper.civicrm_recurring_entity' doesn't exist")
#7 /Applications/MAMP/htdocs/wp-content/plugins/civicrm/civicrm/packages/DB/mysql.php(328): DB_mysql->mysqlRaiseError()
#8 /Applications/MAMP/htdocs/wp-content/plugins/civicrm/civicrm/packages/DB/common.php(1216): DB_mysql->simpleQuery("\n      SELECT entity_id\n      FROM civicrm_recurring_entity\n      WHERE pa...")
#9 /Applications/MAMP/htdocs/wp-content/plugins/civicrm/civicrm/packages/DB/DataObject.php(2442): DB_common->query("\n      SELECT entity_id\n      FROM civicrm_recurring_entity\n      WHERE pa...")
#10 /Applications/MAMP/htdocs/wp-content/plugins/civicrm/civicrm/packages/DB/DataObject.php(1634): DB_DataObject->_query("\n      SELECT entity_id\n      FROM civicrm_recurring_entity\n      WHERE pa...")
#11 /Applications/MAMP/htdocs/wp-content/plugins/civicrm/civicrm/CRM/Core/DAO.php(325): DB_DataObject->query("\n      SELECT entity_id\n      FROM civicrm_recurring_entity\n      WHERE pa...")
#12 /Applications/MAMP/htdocs/wp-content/plugins/civicrm/civicrm/CRM/Core/DAO.php(1192): CRM_Core_DAO->query("\n      SELECT entity_id\n      FROM civicrm_recurring_entity\n      WHERE pa...", TRUE)
#13 /Applications/MAMP/htdocs/wp-content/plugins/civicrm/civicrm/CRM/Core/BAO/RecurringEntity.php(555): CRM_Core_DAO::executeQuery("\n      SELECT entity_id\n      FROM civicrm_recurring_entity\n      WHERE pa...", (Array:2))
#14 /Applications/MAMP/htdocs/wp-content/plugins/civicrm/civicrm/CRM/Event/Page/ManageEvent.php(322): CRM_Core_BAO_RecurringEntity::getPositionAndCount("18", "civicrm_event")
#15 /Applications/MAMP/htdocs/wp-content/plugins/civicrm/civicrm/CRM/Event/Page/ManageEvent.php(239): CRM_Event_Page_ManageEvent->browse()
#16 /Applications/MAMP/htdocs/wp-content/plugins/civicrm/civicrm/CRM/Core/Invoke.php(312): CRM_Event_Page_ManageEvent->run((Array:3), NULL)
#17 /Applications/MAMP/htdocs/wp-content/plugins/civicrm/civicrm/CRM/Core/Invoke.php(86): CRM_Core_Invoke::runItem((Array:14))
#18 /Applications/MAMP/htdocs/wp-content/plugins/civicrm/civicrm/CRM/Core/Invoke.php(54): CRM_Core_Invoke::_invoke((Array:3))
#19 /Applications/MAMP/htdocs/wp-content/plugins/civicrm/civicrm.php(1189): CRM_Core_Invoke::invoke((Array:3))
#20 [internal function](): CiviCRM_For_WordPress->invoke("")
#21 /Applications/MAMP/htdocs/wp-includes/plugin.php(503): call_user_func_array((Array:2), (Array:1))
#22 /Applications/MAMP/htdocs/wp-admin/admin.php(236): do_action("toplevel_page_CiviCRM")
#23 {main}


