Nov 22 15:23:11  [info] $backTrace = #0 /Applications/MAMP/htdocs/wp-content/plugins/civicrm/civicrm/CRM/Core/Error.php(278): CRM_Core_Error::backtrace("backTrace", TRUE)
#1 [internal function](): CRM_Core_Error::simpleHandler(Object(DB_Error))
#2 /Applications/MAMP/htdocs/wp-content/plugins/civicrm/civicrm/packages/PEAR.php(931): call_user_func((Array:2), Object(DB_Error))
#3 /Applications/MAMP/htdocs/wp-content/plugins/civicrm/civicrm/packages/DB.php(976): PEAR_Error->PEAR_Error("DB Error: connect failed", -24, 16, (Array:2), " [nativecode=Access denied for user 'cooper'@'localhost' (using password: YES)]")
#4 /Applications/MAMP/htdocs/wp-content/plugins/civicrm/civicrm/packages/PEAR.php(564): DB_Error->DB_Error(-24, 16, (Array:2), " [nativecode=Access denied for user 'cooper'@'localhost' (using password: YES)]")
#5 /Applications/MAMP/htdocs/wp-content/plugins/civicrm/civicrm/packages/DB/common.php(1905): PEAR->raiseError(NULL, -24, NULL, NULL, " [nativecode=Access denied for user 'cooper'@'localhost' (using password: YES)]", "DB_Error", TRUE)
#6 /Applications/MAMP/htdocs/wp-content/plugins/civicrm/civicrm/packages/DB/mysql.php(253): DB_common->raiseError(-24, NULL, NULL, NULL, "Access denied for user 'cooper'@'localhost' (using password: YES)")
#7 /Applications/MAMP/htdocs/wp-content/plugins/civicrm/civicrm/packages/DB.php(564): DB_mysql->connect((Array:10), FALSE)
#8 /Applications/MAMP/htdocs/wp-content/plugins/civicrm/civicrm/packages/DB/DataObject.php(2315): DB::connect((string))
#9 /Applications/MAMP/htdocs/wp-content/plugins/civicrm/civicrm/CRM/Core/DAO.php(362): DB_DataObject->_connect()
#10 /Applications/MAMP/htdocs/wp-content/plugins/civicrm/civicrm/CRM/Core/DAO.php(86): CRM_Core_DAO->initialize()
#11 /Applications/MAMP/htdocs/wp-content/plugins/civicrm/civicrm/CRM/Core/DAO/Domain.php(139): CRM_Core_DAO->__construct()
#12 /Applications/MAMP/htdocs/wp-content/plugins/civicrm/civicrm/CRM/Core/BAO/ConfigSetting.php(207): CRM_Core_DAO_Domain->__construct()
#13 /Applications/MAMP/htdocs/wp-content/plugins/civicrm/civicrm/CRM/Core/Config.php(443): CRM_Core_BAO_ConfigSetting::retrieve((Array:0))
#14 /Applications/MAMP/htdocs/wp-content/plugins/civicrm/civicrm/CRM/Core/Config.php(223): CRM_Core_Config->_initVariables()
#15 /Applications/MAMP/htdocs/wp-content/plugins/civicrm/civicrm.php(637): CRM_Core_Config::singleton()
#16 /Applications/MAMP/htdocs/wp-content/plugins/civicrm/civicrm.php(1082): CiviCRM_For_WordPress->initialize()
#17 /Applications/MAMP/htdocs/wp-content/plugins/civicrm/civicrm.php(930): CiviCRM_For_WordPress->add_core_resources(FALSE)
#18 [internal function](): CiviCRM_For_WordPress->admin_page_load("")
#19 /Applications/MAMP/htdocs/wp-includes/plugin.php(503): call_user_func_array((Array:2), (Array:1))
#20 /Applications/MAMP/htdocs/wp-admin/admin.php(226): do_action("load-toplevel_page_CiviCRM")
#21 {main}


